-------------------------------------------------------------------------------
Test set: com.example.springboot.HelloControllerTest
-------------------------------------------------------------------------------
Tests run: 1, Failures: 0, Errors: 1, Skipped: 0, Time elapsed: 0.010 s <<< FAILURE! -- in com.example.springboot.HelloControllerTest
com.example.springboot.HelloControllerTest -- Time elapsed: 0.010 s <<< ERROR!
java.lang.NoClassDefFoundError: org/springframework/boot/context/annotation/ImportCandidates
	at org.springframework.boot.autoconfigure.ImportAutoConfigurationImportSelector.loadFactoryNames(ImportAutoConfigurationImportSelector.java:116)
	at org.springframework.boot.autoconfigure.ImportAutoConfigurationImportSelector.getConfigurationsForAnnotation(ImportAutoConfigurationImportSelector.java:99)
	at org.springframework.boot.autoconfigure.ImportAutoConfigurationImportSelector.collectCandidateConfigurations(ImportAutoConfigurationImportSelector.java:90)
	at org.springframework.boot.autoconfigure.ImportAutoConfigurationImportSelector.lambda$getCandidateConfigurations$0(ImportAutoConfigurationImportSelector.java:83)
	at java.base/java.util.LinkedHashMap.forEach(LinkedHashMap.java:986)
	at org.springframework.util.MultiValueMapAdapter.forEach(MultiValueMapAdapter.java:179)
	at java.base/java.util.Collections$UnmodifiableMap.forEach(Collections.java:1707)
	at org.springframework.boot.autoconfigure.ImportAutoConfigurationImportSelector.getCandidateConfigurations(ImportAutoConfigurationImportSelector.java:82)
	at org.springframework.boot.autoconfigure.ImportAutoConfigurationImportSelector.determineImports(ImportAutoConfigurationImportSelector.java:67)
	at org.springframework.boot.test.context.ImportsContextCustomizer$ContextCustomizerKey.determineImports(ImportsContextCustomizer.java:276)
	at org.springframework.boot.test.context.ImportsContextCustomizer$ContextCustomizerKey.determineImports(ImportsContextCustomizer.java:263)
	at org.springframework.boot.test.context.ImportsContextCustomizer$ContextCustomizerKey.<init>(ImportsContextCustomizer.java:238)
	at org.springframework.boot.test.context.ImportsContextCustomizer.<init>(ImportsContextCustomizer.java:75)
	at org.springframework.boot.test.context.ImportsContextCustomizerFactory.createContextCustomizer(ImportsContextCustomizerFactory.java:53)
	at org.springframework.test.context.support.AbstractTestContextBootstrapper.getContextCustomizers(AbstractTestContextBootstrapper.java:360)
	at org.springframework.test.context.support.AbstractTestContextBootstrapper.buildMergedContextConfiguration(AbstractTestContextBootstrapper.java:332)
	at org.springframework.test.context.support.AbstractTestContextBootstrapper.buildDefaultMergedContextConfiguration(AbstractTestContextBootstrapper.java:267)
	at org.springframework.test.context.support.AbstractTestContextBootstrapper.buildMergedContextConfiguration(AbstractTestContextBootstrapper.java:215)
	at org.springframework.test.context.support.AbstractTestContextBootstrapper.buildTestContext(AbstractTestContextBootstrapper.java:108)
	at org.springframework.boot.test.context.SpringBootTestContextBootstrapper.buildTestContext(SpringBootTestContextBootstrapper.java:111)
	at org.springframework.test.context.TestContextManager.<init>(TestContextManager.java:142)
	at org.springframework.test.context.TestContextManager.<init>(TestContextManager.java:126)
	at org.springframework.test.context.junit.jupiter.SpringExtension.getTestContextManager(SpringExtension.java:366)
	at org.springframework.test.context.junit.jupiter.SpringExtension.beforeAll(SpringExtension.java:131)
	at java.base/java.util.ArrayList.forEach(ArrayList.java:1596)
Caused by: java.lang.ClassNotFoundException: org.springframework.boot.context.annotation.ImportCandidates
	at java.base/jdk.internal.loader.BuiltinClassLoader.loadClass(BuiltinClassLoader.java:641)
	at java.base/jdk.internal.loader.ClassLoaders$AppClassLoader.loadClass(ClassLoaders.java:188)
	at java.base/java.lang.ClassLoader.loadClass(ClassLoader.java:526)
	... 25 more

